<?xml version="1.0" encoding="UTF-8"?>
<testng-results ignored="0" total="5" passed="5" failed="0" skipped="0">
  <reporter-output>
  </reporter-output>
  <suite started-at="2024-07-11T08:55:59 IST" name="Default suite" finished-at="2024-07-11T08:56:09 IST" duration-ms="9792">
    <groups>
    </groups>
    <test started-at="2024-07-11T08:55:59 IST" name="Default test" finished-at="2024-07-11T08:56:09 IST" duration-ms="9792">
      <class name="org.web.TestClass">
        <test-method signature="a1()[pri:0, instance:org.web.TestClass@8458f04]" started-at="2024-07-11T08:55:59 IST" name="a1" finished-at="2024-07-11T08:56:03 IST" duration-ms="4233" status="PASS">
          <reporter-output>
          </reporter-output>
        </test-method> <!-- a1 -->
        <test-method signature="a2()[pri:1, instance:org.web.TestClass@8458f04]" started-at="2024-07-11T08:56:03 IST" name="a2" finished-at="2024-07-11T08:56:08 IST" duration-ms="4629" status="PASS">
          <reporter-output>
          </reporter-output>
        </test-method> <!-- a2 -->
        <test-method signature="a3()[pri:2, instance:org.web.TestClass@8458f04]" started-at="2024-07-11T08:56:08 IST" name="a3" finished-at="2024-07-11T08:56:08 IST" duration-ms="263" status="PASS">
          <reporter-output>
          </reporter-output>
        </test-method> <!-- a3 -->
        <test-method signature="a4()[pri:3, instance:org.web.TestClass@8458f04]" started-at="2024-07-11T08:56:08 IST" name="a4" finished-at="2024-07-11T08:56:09 IST" duration-ms="516" status="PASS">
          <reporter-output>
          </reporter-output>
        </test-method> <!-- a4 -->
        <test-method signature="a5()[pri:4, instance:org.web.TestClass@8458f04]" started-at="2024-07-11T08:56:09 IST" name="a5" finished-at="2024-07-11T08:56:09 IST" duration-ms="47" status="PASS">
          <reporter-output>
          </reporter-output>
        </test-method> <!-- a5 -->
      </class> <!-- org.web.TestClass -->
    </test> <!-- Default test -->
  </suite> <!-- Default suite -->
</testng-results>
